<?xml version="1.0" encoding="UTF-8"?>
<!-- Generated by org.testng.reporters.JUnitReportReporter -->
<testsuite skipped="0" hostname="NIBC2503" name="Test.Scripts.RegisterUserTest" tests="2" failures="0" timestamp="14 Feb 2018 15:12:36 GMT" time="55.565" errors="1">
  <testcase name="closeBrowser" time="0.281" classname="Test.Scripts.RegisterUserTest">
    <error type="org.openqa.selenium.WebDriverException" message="Method has not yet been implemented (WARNING: The server did not provide any stacktrace information)
Command duration or timeout: 5 milliseconds
Build info: version: &#039;2.53.0&#039;, revision: &#039;35ae25b1534ae328c771e0856c93e187490ca824&#039;, time: &#039;2016-03-15 10:43:46&#039;
System info: host: &#039;NIBC2503&#039;, ip: &#039;192.168.56.1&#039;, os.name: &#039;Windows 8.1&#039;, os.arch: &#039;amd64&#039;, os.version: &#039;6.3&#039;, java.version: &#039;1.8.0_144&#039;
Driver info: io.appium.java_client.android.AndroidDriver
Capabilities [{appPackage=io.selendroid.testapp, deviceName=CC5BDYG07101, platform=ANDROID, deviceUDID=CC5BDYG07101, desired={app=S:\AppiumAutomation_WorkSpace\AppiumDemo/Apk/selendroid-test-app.apk, appactivity=.HomeScreenActivity, apppackage=io.selendroid.testapp, browserName=, platformName=Android, version=5.0.2, deviceName=&quot;CC5BDYG07101&quot;, platform=ANDROID}, platformVersion=5.0.2, webStorageEnabled=false, takesScreenshot=true, browserName=, javascriptEnabled=true, platformName=Android, deviceManufacturer=HTC, app=S:\AppiumAutomation_WorkSpace\AppiumDemo/Apk/selendroid-test-app.apk, deviceScreenSize=1080x1920, networkConnectionEnabled=true, warnings={}, apppackage=io.selendroid.testapp, appWaitPackage=io.selendroid.testapp, appWaitActivity=io.selendroid.testapp.HomeScreenActivity, databaseEnabled=false, version=5.0.2, appActivity=io.selendroid.testapp.HomeScreenActivity, appactivity=.HomeScreenActivity, locationContextEnabled=false, deviceModel=HTC Desire 826 dual sim}]
Session ID: 5b7cd417-5a85-46b1-8dae-8b5dd778de8b">
      <![CDATA[org.openqa.selenium.WebDriverException: Method has not yet been implemented (WARNING: The server did not provide any stacktrace information)
Command duration or timeout: 5 milliseconds
Build info: version: '2.53.0', revision: '35ae25b1534ae328c771e0856c93e187490ca824', time: '2016-03-15 10:43:46'
System info: host: 'NIBC2503', ip: '192.168.56.1', os.name: 'Windows 8.1', os.arch: 'amd64', os.version: '6.3', java.version: '1.8.0_144'
Driver info: io.appium.java_client.android.AndroidDriver
Capabilities [{appPackage=io.selendroid.testapp, deviceName=CC5BDYG07101, platform=ANDROID, deviceUDID=CC5BDYG07101, desired={app=S:\AppiumAutomation_WorkSpace\AppiumDemo/Apk/selendroid-test-app.apk, appactivity=.HomeScreenActivity, apppackage=io.selendroid.testapp, browserName=, platformName=Android, version=5.0.2, deviceName="CC5BDYG07101", platform=ANDROID}, platformVersion=5.0.2, webStorageEnabled=false, takesScreenshot=true, browserName=, javascriptEnabled=true, platformName=Android, deviceManufacturer=HTC, app=S:\AppiumAutomation_WorkSpace\AppiumDemo/Apk/selendroid-test-app.apk, deviceScreenSize=1080x1920, networkConnectionEnabled=true, warnings={}, apppackage=io.selendroid.testapp, appWaitPackage=io.selendroid.testapp, appWaitActivity=io.selendroid.testapp.HomeScreenActivity, databaseEnabled=false, version=5.0.2, appActivity=io.selendroid.testapp.HomeScreenActivity, appactivity=.HomeScreenActivity, locationContextEnabled=false, deviceModel=HTC Desire 826 dual sim}]
Session ID: 5b7cd417-5a85-46b1-8dae-8b5dd778de8b
	at sun.reflect.NativeConstructorAccessorImpl.newInstance0(Native Method)
	at sun.reflect.NativeConstructorAccessorImpl.newInstance(Unknown Source)
	at sun.reflect.DelegatingConstructorAccessorImpl.newInstance(Unknown Source)
	at java.lang.reflect.Constructor.newInstance(Unknown Source)
	at org.openqa.selenium.remote.ErrorHandler.createThrowable(ErrorHandler.java:206)
	at org.openqa.selenium.remote.ErrorHandler.throwIfResponseFailed(ErrorHandler.java:158)
	at org.openqa.selenium.remote.RemoteWebDriver.execute(RemoteWebDriver.java:678)
	at io.appium.java_client.DefaultGenericMobileDriver.execute(DefaultGenericMobileDriver.java:40)
	at io.appium.java_client.AppiumDriver.execute(AppiumDriver.java:235)
	at org.openqa.selenium.remote.RemoteWebDriver.close(RemoteWebDriver.java:521)
	at GlobalInitializer.BrowserInitializer.closeBrowser(BrowserInitializer.java:81)
	at sun.reflect.NativeMethodAccessorImpl.invoke0(Native Method)
	at sun.reflect.NativeMethodAccessorImpl.invoke(Unknown Source)
	at sun.reflect.DelegatingMethodAccessorImpl.invoke(Unknown Source)
	at java.lang.reflect.Method.invoke(Unknown Source)
	at org.testng.internal.MethodInvocationHelper.invokeMethod(MethodInvocationHelper.java:108)
	at org.testng.internal.Invoker.invokeConfigurationMethod(Invoker.java:523)
	at org.testng.internal.Invoker.invokeConfigurations(Invoker.java:224)
	at org.testng.internal.Invoker.invokeConfigurations(Invoker.java:146)
	at org.testng.internal.TestMethodWorker.invokeAfterClassMethods(TestMethodWorker.java:212)
	at org.testng.internal.TestMethodWorker.run(TestMethodWorker.java:112)
	at org.testng.TestRunner.privateRun(TestRunner.java:744)
	at org.testng.TestRunner.run(TestRunner.java:602)
	at org.testng.SuiteRunner.runTest(SuiteRunner.java:380)
	at org.testng.SuiteRunner.runSequentially(SuiteRunner.java:375)
	at org.testng.SuiteRunner.privateRun(SuiteRunner.java:340)
	at org.testng.SuiteRunner.run(SuiteRunner.java:289)
	at org.testng.SuiteRunnerWorker.runSuite(SuiteRunnerWorker.java:52)
	at org.testng.SuiteRunnerWorker.run(SuiteRunnerWorker.java:86)
	at org.testng.TestNG.runSuitesSequentially(TestNG.java:1301)
	at org.testng.TestNG.runSuitesLocally(TestNG.java:1226)
	at org.testng.TestNG.runSuites(TestNG.java:1144)
	at org.testng.TestNG.run(TestNG.java:1115)
	at org.testng.remote.AbstractRemoteTestNG.run(AbstractRemoteTestNG.java:114)
	at org.testng.remote.RemoteTestNG.initAndRun(RemoteTestNG.java:251)
	at org.testng.remote.RemoteTestNG.main(RemoteTestNG.java:77)
]]>
    </error>
  </testcase> <!-- closeBrowser -->
  <testcase name="loginApp" time="55.284" classname="Test.Scripts.RegisterUserTest"/>
</testsuite> <!-- Test.Scripts.RegisterUserTest -->
